[[ 0 -8 -4]
 [-8 -4  0]
 [-4  0 -8]]

[[-10  11  -7]
 [  1  -2  -5]
 [  3 -15   6]]

[[-6 -9 -6]
 [-7 -7 -7]
 [-8 -5 -8]]

[[ 4 -1 -3]
 [-7  0  7]
 [ 3  1 -4]]
 
[[ -2  -2 -11]
 [-14  -5   4]
 [  1  -8  -8]]
 
[[ -9  -5 -10]
 [ -9  -8  -7]
 [ -6 -11  -7]]
 
[[ 7 -3 11]
 [ 9  5  1]
 [-1 13  3]]
 
[[  5 -10  -4]
 [-12  -3   6]
 [ -2   4 -11]]
 
[[ -5  -5   7]
 [ 11  -1 -13]
 [ -9   3   3]]
 
[[10  3  2]
 [-3  5 13]
 [ 8  7  0]]
 
[[  7 -12  -1]
 [-10  -2   6]
 [ -3   8 -11]]
 
[[ -6 -11   2]
 [  3  -5 -13]
 [-12   1  -4]]
 
[[ -7 -15   1]
 [  1  -7 -15]
 [-15   1  -7]]
 
[[ 0 16  2]
 [ 8  6  4]
 [10 -4 12]]
 
[[ -2  -2  10]
 [ 14   2 -10]
 [ -6   6   6]]
 
[[-11   1  -5]
 [  1  -5 -11]
 [ -5 -11   1]]
 
[[ 5 -3 10]
 [ 9  4 -1]
 [-2 11  3]]
 
[[ 1 18 -1]
 [ 4  6  8]
 [13 -6 11]]
 
[[  9  -9  -6]
 [-17  -2  13]
 [  2   5 -13]]
 
[[ 6 10 11]
 [14  9  4]
 [ 7  8 12]]
 
[[ 9 12  9]
 [10 10 10]
 [11  8 11]]
 
[[12 10 11]
 [10 11 12]
 [11 12 10]]
 
[[10  3  5]
 [ 1  6 11]
 [ 7  9  2]]
 
[[ 7 11  9]
 [11  9  7]
 [ 9  7 11]]
 
[[ 2 11  5]
 [ 9  6  3]
 [ 7  1 10]]
 
[[11  3 10]
 [ 7  8  9]
 [ 6 13  5]]
 
[[ 8 21 10]
 [15 13 11]
 [16  5 18]]
 
[[12  1 11]
 [ 7  8  9]
 [ 5 15  4]]
 
[[ 9  5  4]
 [ 1  6 11]
 [ 8  7  3]]
 
[[ 3 17 10]
 [17 10  3]
 [10  3 17]]
 
[[16 11 18]
 [17 15 13]
 [12 19 14]]
 
[[12 20 13]
 [16 15 14]
 [17 10 18]]
 
[[6 7 2]
 [1 5 9]
 [8 3 4]]
 
[[1 3 2]
 [3 2 1]
 [2 1 3]]
 
[[13  5 12]
 [ 9 10 11]
 [ 8 15  7]]
 
[[10  5 12]
 [11  9  7]
 [ 6 13  8]]
 
[[ 7 13 10]
 [13 10  7]
 [10  7 13]]
 
[[10 13 16]
 [19 13  7]
 [10 13 16]]
 
[[ 9 18  3]
 [ 4 10 16]
 [17  2 11]]
 
[[4 1 4]
 [3 3 3]
 [2 5 2]]
 
[[11 13 18]
 [21 14  7]
 [10 15 17]]
 
[[17 16 15]
 [14 16 18]
 [17 16 15]]
 
[[ 5 17  8]
 [13 10  7]
 [12  3 15]]
 
[[11 21 10]
 [13 14 15]
 [18  7 17]]
 
[[12 10 17]
 [18 13  8]
 [ 9 16 14]]
 
[[10  3 11]
 [ 9  8  7]
 [ 5 13  6]]
 
[[ 8  5 17]
 [19 10  1]
 [ 3 15 12]]
 
[[ 8 -2  9]
 [ 6  5  4]
 [ 1 12  2]]
 
[[14 11 14]
 [13 13 13]
 [12 15 12]]
 
[[10 -1 15]
 [13  8  3]
 [ 1 17  6]]
 
[[11 20 14]
 [18 15 12]
 [16 10 19]]
 
[[ 9  8  4]
 [ 2  7 12]
 [10  6  5]]
 
[[10 15  5]
 [ 5 10 15]
 [15  5 10]]
 
[[ 6 14 10]
 [14 10  6]
 [10  6 14]]
 
[[ 9  8  1]
 [-2  6 14]
 [11  4  3]]
 
[[ 8 11  5]
 [ 5  8 11]
 [11  5  8]]
 
[[15  2 13]
 [ 8 10 12]
 [ 7 18  5]]
 
[[17  6 13]
 [ 8 12 16]
 [11 18  7]]
 
[[10 19 13]
 [17 14 11]
 [15  9 18]]
 
[[13  7 13]
 [11 11 11]
 [ 9 15  9]]
 
[[ 8  4 12]
 [12  8  4]
 [ 4 12  8]]
 
[[9 9 9]
 [9 9 9]
 [9 9 9]]
 
[[ 6 11  7]
 [ 9  8  7]
 [ 9  5 10]]
 
[[12 -1 16]
 [13  9  5]
 [ 2 19  6]]
 
[[ 6 12  3]
 [ 4  7 10]
 [11  2  8]]
 
[[14 17 11]
 [11 14 17]
 [17 11 14]]
 
[[13  2  6]
 [ 0  7 14]
 [ 8 12  1]]
 
[[10  8  3]
 [ 0  7 14]
 [11  6  4]]
 
[[3 5 4]
 [5 4 3]
 [4 3 5]]
 
[[ 9  1  8]
 [ 5  6  7]
 [ 4 11  3]]
 
[[8 3 4]
 [1 5 9]
 [6 7 2]]
 
[[2 5 5]
 [7 4 1]
 [3 3 6]]
 
[[14 19 15]
 [17 16 15]
 [17 13 18]]
 
[[17 18 16]
 [16 17 18]
 [18 16 17]]
 
[[9 5 7]
 [5 7 9]
 [7 9 5]]
 
[[7 1 4]
 [1 4 7]
 [4 7 1]]
 
[[11 10 15]
 [16 12  8]
 [ 9 14 13]]
 
[[ 7  6 14]
 [16  9  2]
 [ 4 12 11]]
 
[[16 18 14]
 [14 16 18]
 [18 14 16]]
 
[[ 7 10 16]
 [20 11  2]
 [ 6 12 15]]
 
[[ 9 20  4]
 [ 6 11 16]
 [18  2 13]]
 
[[ 4 10  7]
 [10  7  4]
 [ 7  4 10]]
 
[[15 -2 11]
 [ 4  8 12]
 [ 5 18  1]]
 
[[16  6  8]
 [ 2 10 18]
 [12 14  4]]
 
[[10 16  7]
 [ 8 11 14]
 [15  6 12]]
 
[[14 17 11]
 [11 14 17]
 [17 11 14]]
 
[[ 6 13 14]
 [19 11  3]
 [ 8  9 16]]
 
[[ 5  5 11]
 [13  7  1]
 [ 3  9  9]]
 
[[ 8 14 17]
 [22 13  4]
 [ 9 12 18]]
 
[[ 8 19  3]
 [ 5 10 15]
 [17  1 12]]
 
[[ 9  3 18]
 [19 10  1]
 [ 2 17 11]]
 
[[12  8  4]
 [ 0  8 16]
 [12  8  4]]
 
[[ 8 15  7]
 [ 9 10 11]
 [13  5 12]]
 
[[ 7  3 11]
 [11  7  3]
 [ 3 11  7]]
 
[[ 6  7 11]
 [13  8  3]
 [ 5  9 10]]
 
[[15  9  9]
 [ 5 11 17]
 [13 13  7]]
 
[[8 7 6]
 [5 7 9]
 [8 7 6]]
 
[[14  1  9]
 [ 3  8 13]
 [ 7 15  2]]
 
[[13  3 14]
 [11 10  9]
 [ 6 17  7]]
 
[[13  2 15]
 [12 10  8]
 [ 5 18  7]]
 
[[ 8 18 13]
 [18 13  8]
 [13  8 18]]
 
[[15  5  7]
 [ 1  9 17]
 [11 13  3]]
 
[[15 11 19]
 [19 15 11]
 [11 19 15]]
 
[[11 -2  9]
 [ 4  6  8]
 [ 3 14  1]]
 
[[14  5 17]
 [15 12  9]
 [ 7 19 10]]
 
[[11 -2 12]
 [ 8  7  6]
 [ 2 16  3]]
 
[[11 -1 11]
 [ 7  7  7]
 [ 3 15  3]]
 
[[ 7  8  9]
 [10  8  6]
 [ 7  8  9]]
 
[[11  0 13]
 [10  8  6]
 [ 3 16  5]]
 
[[ 6 -1  7]
 [ 5  4  3]
 [ 1  9  2]]
 
[[12 19 11]
 [13 14 15]
 [17  9 16]]
 
[[ 8  8 14]
 [16 10  4]
 [ 6 12 12]]
 
[[ 5 18  7]
 [12 10  8]
 [13  2 15]]
 
